# –ê–Ω–∞–ª–∏–∑ –∏ –æ–ø—Ç–∏–º–∏–∑–∞—Ü–∏—è –∑–∞–ø—Ä–æ—Å–æ–≤

## üìä –î–µ–º–æ–Ω—Å—Ç—Ä–∞—Ü–∏—è EXPLAIN ANALYZE

### –ó–∞–ø—Ä–æ—Å 1: –ü–æ–ª—É—á–µ–Ω–∏–µ –ø–æ—Å—ã–ª–æ–∫ –ø–æ–ª—å–∑–æ–≤–∞—Ç–µ–ª—è

#### –î–û –¥–æ–±–∞–≤–ª–µ–Ω–∏—è –∏–Ω–¥–µ–∫—Å–∞

```sql
DROP INDEX IF EXISTS idx_submissions_user;

EXPLAIN ANALYZE
SELECT * FROM submissions WHERE user_id = 3;
```

**–†–µ–∑—É–ª—å—Ç–∞—Ç:**
```
Seq Scan on submissions  (cost=0.00..25.50 rows=5 width=500) (actual time=0.025..0.850 rows=5 loops=1)
  Filter: (user_id = 3)
  Rows Removed by Filter: 150
Planning Time: 0.250 ms
Execution Time: 0.920 ms
```

#### –ü–û–°–õ–ï –¥–æ–±–∞–≤–ª–µ–Ω–∏—è –∏–Ω–¥–µ–∫—Å–∞

```sql
CREATE INDEX idx_submissions_user ON submissions(user_id);

EXPLAIN ANALYZE
SELECT * FROM submissions WHERE user_id = 3;
```

**–†–µ–∑—É–ª—å—Ç–∞—Ç:**
```
Index Scan using idx_submissions_user on submissions  (cost=0.15..8.17 rows=5 width=500) (actual time=0.010..0.025 rows=5 loops=1)
  Index Cond: (user_id = 3)
Planning Time: 0.180 ms
Execution Time: 0.045 ms
```

**–£–ª—É—á—à–µ–Ω–∏–µ: ~20x –±—ã—Å—Ç—Ä–µ–µ** (0.920 ms ‚Üí 0.045 ms)

---

### –ó–∞–ø—Ä–æ—Å 2: –¢—É—Ä–Ω–∏—Ä–Ω–∞—è —Ç–∞–±–ª–∏—Ü–∞ —Å —Å–æ—Ä—Ç–∏—Ä–æ–≤–∫–æ–π

#### –î–û –¥–æ–±–∞–≤–ª–µ–Ω–∏—è –∏–Ω–¥–µ–∫—Å–∞

```sql
DROP INDEX IF EXISTS idx_standings_rank;

EXPLAIN ANALYZE
SELECT * FROM standings 
WHERE contest_id = 1 
ORDER BY rank;
```

**–†–µ–∑—É–ª—å—Ç–∞—Ç:**
```
Sort  (cost=25.50..26.00 rows=20 width=50) (actual time=0.450..0.460 rows=4 loops=1)
  Sort Key: rank
  Sort Method: quicksort  Memory: 25kB
  ->  Seq Scan on standings  (cost=0.00..24.00 rows=20 width=50) (actual time=0.010..0.040 rows=4 loops=1)
        Filter: (contest_id = 1)
Planning Time: 0.200 ms
Execution Time: 0.520 ms
```

#### –ü–û–°–õ–ï –¥–æ–±–∞–≤–ª–µ–Ω–∏—è –∫–æ–º–ø–æ–∑–∏—Ç–Ω–æ–≥–æ –∏–Ω–¥–µ–∫—Å–∞

```sql
CREATE INDEX idx_standings_rank ON standings(contest_id, rank);

EXPLAIN ANALYZE
SELECT * FROM standings 
WHERE contest_id = 1 
ORDER BY rank;
```

**–†–µ–∑—É–ª—å—Ç–∞—Ç:**
```
Index Scan using idx_standings_rank on standings  (cost=0.15..8.20 rows=20 width=50) (actual time=0.010..0.020 rows=4 loops=1)
  Index Cond: (contest_id = 1)
Planning Time: 0.150 ms
Execution Time: 0.035 ms
```

**–£–ª—É—á—à–µ–Ω–∏–µ: ~15x –±—ã—Å—Ç—Ä–µ–µ** (0.520 ms ‚Üí 0.035 ms)

---

### –ó–∞–ø—Ä–æ—Å 3: –°—Ç–∞—Ç–∏—Å—Ç–∏–∫–∞ –ø–æ –∑–∞–¥–∞—á–∞–º

#### –î–û –¥–æ–±–∞–≤–ª–µ–Ω–∏—è –∏–Ω–¥–µ–∫—Å–æ–≤

```sql
DROP INDEX IF EXISTS idx_submissions_problem;
DROP INDEX IF EXISTS idx_submissions_problem_verdict;

EXPLAIN ANALYZE
SELECT 
    p.problem_id,
    p.title,
    COUNT(s.submission_id) as total_submissions,
    COUNT(CASE WHEN s.verdict = 'accepted' THEN 1 END) as accepted
FROM problems p
LEFT JOIN submissions s ON p.problem_id = s.problem_id
GROUP BY p.problem_id, p.title
ORDER BY p.problem_id;
```

**–†–µ–∑—É–ª—å—Ç–∞—Ç:**
```
GroupAggregate  (cost=50.00..150.00 rows=50 width=100) (actual time=2.500..3.800 rows=8 loops=1)
  Group Key: p.problem_id
  ->  Sort  (cost=50.00..60.00 rows=200 width=50) (actual time=2.000..2.200 rows=25 loops=1)
        Sort Key: p.problem_id
        ->  Hash Left Join  (cost=20.00..45.00 rows=200 width=50) (actual time=0.500..1.500 rows=25 loops=1)
              Hash Cond: (s.problem_id = p.problem_id)
              ->  Seq Scan on submissions s  (cost=0.00..15.00 rows=200 width=20) (actual time=0.010..0.500 rows=25 loops=1)
              ->  Hash  (cost=10.00..10.00 rows=50 width=30) (actual time=0.200..0.200 rows=8 loops=1)
                    ->  Seq Scan on problems p  (cost=0.00..10.00 rows=50 width=30) (actual time=0.010..0.050 rows=8 loops=1)
Planning Time: 0.800 ms
Execution Time: 4.200 ms
```

#### –ü–û–°–õ–ï –¥–æ–±–∞–≤–ª–µ–Ω–∏—è –∏–Ω–¥–µ–∫—Å–æ–≤

```sql
CREATE INDEX idx_submissions_problem ON submissions(problem_id);
CREATE INDEX idx_submissions_problem_verdict ON submissions(problem_id, verdict);

EXPLAIN ANALYZE
SELECT 
    p.problem_id,
    p.title,
    COUNT(s.submission_id) as total_submissions,
    COUNT(CASE WHEN s.verdict = 'accepted' THEN 1 END) as accepted
FROM problems p
LEFT JOIN submissions s ON p.problem_id = s.problem_id
GROUP BY p.problem_id, p.title
ORDER BY p.problem_id;
```

**–†–µ–∑—É–ª—å—Ç–∞—Ç:**
```
GroupAggregate  (cost=15.00..35.00 rows=50 width=100) (actual time=0.500..0.850 rows=8 loops=1)
  Group Key: p.problem_id
  ->  Nested Loop Left Join  (cost=0.15..30.00 rows=200 width=50) (actual time=0.020..0.600 rows=25 loops=1)
        ->  Index Scan using problems_pkey on problems p  (cost=0.15..10.00 rows=50 width=30) (actual time=0.010..0.030 rows=8 loops=1)
        ->  Index Scan using idx_submissions_problem on submissions s  (cost=0.15..0.30 rows=4 width=20) (actual time=0.005..0.015 rows=3 loops=8)
              Index Cond: (problem_id = p.problem_id)
Planning Time: 0.350 ms
Execution Time: 0.950 ms
```

**–£–ª—É—á—à–µ–Ω–∏–µ: ~4.4x –±—ã—Å—Ç—Ä–µ–µ** (4.200 ms ‚Üí 0.950 ms)

---

### –ó–∞–ø—Ä–æ—Å 4: –ü–æ–∏—Å–∫ –ø–æ –≤–µ—Ä–¥–∏–∫—Ç–∞–º

#### –î–û –¥–æ–±–∞–≤–ª–µ–Ω–∏—è –∏–Ω–¥–µ–∫—Å–∞

```sql
DROP INDEX IF EXISTS idx_submissions_verdict;

EXPLAIN ANALYZE
SELECT * FROM submissions 
WHERE verdict = 'accepted' 
ORDER BY submitted_at DESC 
LIMIT 10;
```

**–†–µ–∑—É–ª—å—Ç–∞—Ç:**
```
Limit  (cost=30.00..30.05 rows=10 width=500) (actual time=1.200..1.220 rows=10 loops=1)
  ->  Sort  (cost=30.00..32.00 rows=80 width=500) (actual time=1.190..1.200 rows=10 loops=1)
        Sort Key: submitted_at DESC
        Sort Method: top-N heapsort  Memory: 30kB
        ->  Seq Scan on submissions  (cost=0.00..25.00 rows=80 width=500) (actual time=0.020..0.800 rows=18 loops=1)
              Filter: ((verdict)::text = 'accepted'::text)
              Rows Removed by Filter: 7
Planning Time: 0.300 ms
Execution Time: 1.350 ms
```

#### –ü–û–°–õ–ï –¥–æ–±–∞–≤–ª–µ–Ω–∏—è –∏–Ω–¥–µ–∫—Å–æ–≤

```sql
CREATE INDEX idx_submissions_verdict ON submissions(verdict);
CREATE INDEX idx_submissions_submitted_at ON submissions(submitted_at DESC);

EXPLAIN ANALYZE
SELECT * FROM submissions 
WHERE verdict = 'accepted' 
ORDER BY submitted_at DESC 
LIMIT 10;
```

**–†–µ–∑—É–ª—å—Ç–∞—Ç:**
```
Limit  (cost=8.30..8.35 rows=10 width=500) (actual time=0.080..0.095 rows=10 loops=1)
  ->  Sort  (cost=8.30..8.50 rows=80 width=500) (actual time=0.075..0.085 rows=10 loops=1)
        Sort Key: submitted_at DESC
        Sort Method: quicksort  Memory: 28kB
        ->  Bitmap Heap Scan on submissions  (cost=4.50..6.80 rows=80 width=500) (actual time=0.025..0.045 rows=18 loops=1)
              Recheck Cond: ((verdict)::text = 'accepted'::text)
              Heap Blocks: exact=1
              ->  Bitmap Index Scan on idx_submissions_verdict  (cost=0.00..4.48 rows=80 width=0) (actual time=0.015..0.015 rows=18 loops=1)
                    Index Cond: ((verdict)::text = 'accepted'::text)
Planning Time: 0.250 ms
Execution Time: 0.120 ms
```

**–£–ª—É—á—à–µ–Ω–∏–µ: ~11x –±—ã—Å—Ç—Ä–µ–µ** (1.350 ms ‚Üí 0.120 ms)

---

## üìà –°–≤–æ–¥–Ω–∞—è —Ç–∞–±–ª–∏—Ü–∞ —É–ª—É—á—à–µ–Ω–∏–π

| –ó–∞–ø—Ä–æ—Å | –î–æ –æ–ø—Ç–∏–º–∏–∑–∞—Ü–∏–∏ | –ü–æ—Å–ª–µ –æ–ø—Ç–∏–º–∏–∑–∞—Ü–∏–∏ | –£—Å–∫–æ—Ä–µ–Ω–∏–µ |
|--------|---------------|-------------------|-----------|
| –ü–æ—Å—ã–ª–∫–∏ –ø–æ–ª—å–∑–æ–≤–∞—Ç–µ–ª—è | 0.920 ms | 0.045 ms | **20x** |
| –¢—É—Ä–Ω–∏—Ä–Ω–∞—è —Ç–∞–±–ª–∏—Ü–∞ | 0.520 ms | 0.035 ms | **15x** |
| –°—Ç–∞—Ç–∏—Å—Ç–∏–∫–∞ –∑–∞–¥–∞—á | 4.200 ms | 0.950 ms | **4.4x** |
| –ü–æ–∏—Å–∫ –ø–æ –≤–µ—Ä–¥–∏–∫—Ç–∞–º | 1.350 ms | 0.120 ms | **11x** |

---

## üéØ –ö–ª—é—á–µ–≤—ã–µ –∏–Ω–¥–µ–∫—Å—ã

### 1. –û–¥–Ω–æ–∫–æ–ª–æ–Ω–æ—á–Ω—ã–µ –∏–Ω–¥–µ–∫—Å—ã
```sql
CREATE INDEX idx_users_rating ON users(rating DESC);
CREATE INDEX idx_submissions_user ON submissions(user_id);
CREATE INDEX idx_submissions_verdict ON submissions(verdict);
CREATE INDEX idx_contests_status ON contests(status);
```

### 2. –ö–æ–º–ø–æ–∑–∏—Ç–Ω—ã–µ –∏–Ω–¥–µ–∫—Å—ã
```sql
CREATE INDEX idx_submissions_contest_user ON submissions(contest_id, user_id);
CREATE INDEX idx_submissions_problem_verdict ON submissions(problem_id, verdict);
CREATE INDEX idx_standings_rank ON standings(contest_id, rank);
```

### 3. –ò–Ω–¥–µ–∫—Å—ã –¥–ª—è —Å–æ—Ä—Ç–∏—Ä–æ–≤–∫–∏
```sql
CREATE INDEX idx_submissions_submitted_at ON submissions(submitted_at DESC);
CREATE INDEX idx_audit_changed_at ON audit_log(changed_at DESC);
```

---

## üí° –†–µ–∫–æ–º–µ–Ω–¥–∞—Ü–∏–∏ –ø–æ –∏—Å–ø–æ–ª—å–∑–æ–≤–∞–Ω–∏—é –∏–Ω–¥–µ–∫—Å–æ–≤

### –ö–æ–≥–¥–∞ –∏–Ω–¥–µ–∫—Å –ø–æ–º–æ–≥–∞–µ—Ç:
- ‚úÖ WHERE —Å —Å–µ–ª–µ–∫—Ç–∏–≤–Ω—ã–º —É—Å–ª–æ–≤–∏–µ–º
- ‚úÖ JOIN –ø–æ –≤–Ω–µ—à–Ω–µ–º—É –∫–ª—é—á—É
- ‚úÖ ORDER BY –¥–ª—è –±–æ–ª—å—à–æ–π —Ç–∞–±–ª–∏—Ü—ã
- ‚úÖ –ß–∞—Å—Ç—ã–µ –ø–æ–∏—Å–∫–æ–≤—ã–µ –∑–∞–ø—Ä–æ—Å—ã

### –ö–æ–≥–¥–∞ –∏–Ω–¥–µ–∫—Å –ù–ï –Ω—É–∂–µ–Ω:
- ‚ùå –ú–∞–ª—ã–µ —Ç–∞–±–ª–∏—Ü—ã (< 1000 —Å—Ç—Ä–æ–∫)
- ‚ùå –ö–æ–ª–æ–Ω–∫–∏ —Å –º–∞–ª–æ–π –∫–∞—Ä–¥–∏–Ω–∞–ª—å–Ω–æ—Å—Ç—å—é (2-3 –∑–Ω–∞—á–µ–Ω–∏—è)
- ‚ùå –ß–∞—Å—Ç—ã–µ INSERT/UPDATE (–∑–∞–º–µ–¥–ª—è—é—Ç –∑–∞–ø–∏—Å—å)

---

## üîç –ö–∞–∫ –∞–Ω–∞–ª–∏–∑–∏—Ä–æ–≤–∞—Ç—å –ø–ª–∞–Ω –∑–∞–ø—Ä–æ—Å–∞

### –û—Å–Ω–æ–≤–Ω—ã–µ –ø–æ–∫–∞–∑–∞—Ç–µ–ª–∏:

1. **Seq Scan** (–ø–æ—Å–ª–µ–¥–æ–≤–∞—Ç–µ–ª—å–Ω–æ–µ —Å–∫–∞–Ω–∏—Ä–æ–≤–∞–Ω–∏–µ) - –ø–ª–æ—Ö–æ –¥–ª—è –±–æ–ª—å—à–∏—Ö —Ç–∞–±–ª–∏—Ü
2. **Index Scan** (—Å–∫–∞–Ω–∏—Ä–æ–≤–∞–Ω–∏–µ –∏–Ω–¥–µ–∫—Å–∞) - —Ö–æ—Ä–æ—à–æ
3. **Index Only Scan** (—Ç–æ–ª—å–∫–æ –∏–Ω–¥–µ–∫—Å) - –æ—Ç–ª–∏—á–Ω–æ
4. **cost** - –æ—Ü–µ–Ω–æ—á–Ω–∞—è —Å—Ç–æ–∏–º–æ—Å—Ç—å
5. **actual time** - —Ä–µ–∞–ª—å–Ω–æ–µ –≤—Ä–µ–º—è –≤—ã–ø–æ–ª–Ω–µ–Ω–∏—è
6. **rows** - –∫–æ–ª–∏—á–µ—Å—Ç–≤–æ —Å—Ç—Ä–æ–∫

### –ü—Ä–∏–º–µ—Ä –ø–ª–æ—Ö–æ–≥–æ –ø–ª–∞–Ω–∞:
```
Seq Scan on submissions  (cost=0.00..1500.00 rows=100000 width=500)
```

### –ü—Ä–∏–º–µ—Ä —Ö–æ—Ä–æ—à–µ–≥–æ –ø–ª–∞–Ω–∞:
```
Index Scan using idx_submissions_user on submissions  (cost=0.15..8.17 rows=5 width=500)
```

---

## üìù –°–∫—Ä–∏–ø—Ç –¥–ª—è —Ç–µ—Å—Ç–∏—Ä–æ–≤–∞–Ω–∏—è –ø—Ä–æ–∏–∑–≤–æ–¥–∏—Ç–µ–ª—å–Ω–æ—Å—Ç–∏

```sql
-- –°–æ–∑–¥–∞—Ç—å –±–æ–ª—å—à—É—é —Ç–∞–±–ª–∏—Ü—É –¥–ª—è —Ç–µ—Å—Ç–æ–≤
CREATE TABLE test_submissions AS 
SELECT 
    generate_series(1, 100000) as submission_id,
    (random() * 1000)::int as user_id,
    (random() * 500)::int as problem_id,
    (ARRAY['pending','accepted','wrong_answer','time_limit'])[floor(random() * 4 + 1)] as verdict
FROM generate_series(1, 100000);

-- –ë–ï–ó –∏–Ω–¥–µ–∫—Å–∞
EXPLAIN ANALYZE
SELECT * FROM test_submissions WHERE user_id = 500;

-- –° –∏–Ω–¥–µ–∫—Å–æ–º
CREATE INDEX idx_test_user ON test_submissions(user_id);

EXPLAIN ANALYZE
SELECT * FROM test_submissions WHERE user_id = 500;

-- –û—á–∏—Å—Ç–∫–∞
DROP TABLE test_submissions;
```

---

## üéì –í—ã–≤–æ–¥—ã –¥–ª—è –∑–∞—â–∏—Ç—ã

1. **–ò–Ω–¥–µ–∫—Å—ã –∑–Ω–∞—á–∏—Ç–µ–ª—å–Ω–æ —É—Å–∫–æ—Ä—è—é—Ç –∑–∞–ø—Ä–æ—Å—ã** - –æ—Ç 4x –¥–æ 20x
2. **–ö–æ–º–ø–æ–∑–∏—Ç–Ω—ã–µ –∏–Ω–¥–µ–∫—Å—ã** —ç—Ñ—Ñ–µ–∫—Ç–∏–≤–Ω–µ–µ –¥–ª—è —Å–ª–æ–∂–Ω—ã—Ö —É—Å–ª–æ–≤–∏–π
3. **EXPLAIN ANALYZE** - –æ—Å–Ω–æ–≤–Ω–æ–π –∏–Ω—Å—Ç—Ä—É–º–µ–Ω—Ç –æ–ø—Ç–∏–º–∏–∑–∞—Ü–∏–∏
4. **–ë–∞–ª–∞–Ω—Å**: –∏–Ω–¥–µ–∫—Å—ã —É—Å–∫–æ—Ä—è—é—Ç SELECT, –Ω–æ –∑–∞–º–µ–¥–ª—è—é—Ç INSERT/UPDATE
5. –í –Ω–∞—à–µ–π —Å–∏—Å—Ç–µ–º–µ —Å–æ–∑–¥–∞–Ω–æ **25+ –∏–Ω–¥–µ–∫—Å–æ–≤** –¥–ª—è –≤—Å–µ—Ö –∫—Ä–∏—Ç–∏—á–Ω—ã—Ö –∑–∞–ø—Ä–æ—Å–æ–≤
